# JRE version: OpenJDK Runtime Environment (15.0.1+9) (build 15.0.1+9-18)
# Java VM: OpenJDK 64-Bit Server VM (15.0.1+9-18, mixed mode, tiered, compressed oops, g1 gc, windows-amd64)
GC Precious Log:
 CPUs: 8 total, 8 available
 Memory: 16163M
 Large Page Support: Disabled
 NUMA Support: Disabled
 Compressed Oops: Enabled (Zero based)
 Heap Region Size: 2M
 Heap Min Capacity: 8M
 Heap Initial Capacity: 254M
 Heap Max Capacity: 4042M
 Pre-touch: Disabled
 Parallel Workers: 8
 Concurrent Workers: 2
 Concurrent Refinement Workers: 8
 Periodic GC: Disabled
Heap:
 garbage-first heap   total 81920K, used 49811K [0x0000000703600000, 0x0000000800000000)
  region size 2048K, 11 young (22528K), 1 survivors (2048K)
 Metaspace       used 73789K, capacity 74512K, committed 74616K, reserved 1116160K
  class space    used 8524K, capacity 8804K, committed 8832K, reserved 1048576K
GC Heap History (20 events):
Event: 1564.636 GC heap before
{Heap before GC invocations=24 (full 2):
 garbage-first heap   total 81920K, used 62379K [0x0000000703600000, 0x0000000800000000)
  region size 2048K, 16 young (32768K), 2 survivors (4096K)
 Metaspace       used 72661K, capacity 73434K, committed 73592K, reserved 1114112K
  class space    used 8522K, capacity 8807K, committed 8832K, reserved 1048576K
}
Event: 1564.638 GC heap after
{Heap after GC invocations=25 (full 2):
 garbage-first heap   total 81920K, used 33897K [0x0000000703600000, 0x0000000800000000)
  region size 2048K, 1 young (2048K), 1 survivors (2048K)
 Metaspace       used 72661K, capacity 73434K, committed 73592K, reserved 1114112K
  class space    used 8522K, capacity 8807K, committed 8832K, reserved 1048576K
}
Event: 1566.641 GC heap before
{Heap before GC invocations=25 (full 2):
 garbage-first heap   total 81920K, used 60521K [0x0000000703600000, 0x0000000800000000)
  region size 2048K, 14 young (28672K), 1 survivors (2048K)
 Metaspace       used 73539K, capacity 74332K, committed 74360K, reserved 1114112K
  class space    used 8522K, capacity 8807K, committed 8832K, reserved 1048576K
}
Event: 1566.644 GC heap after
{Heap after GC invocations=26 (full 2):
 garbage-first heap   total 81920K, used 33918K [0x0000000703600000, 0x0000000800000000)
  region size 2048K, 1 young (2048K), 1 survivors (2048K)
 Metaspace       used 73539K, capacity 74332K, committed 74360K, reserved 1114112K
  class space    used 8522K, capacity 8807K, committed 8832K, reserved 1048576K
}
Event: 1568.427 GC heap before
{Heap before GC invocations=27 (full 2):
 garbage-first heap   total 81920K, used 62590K [0x0000000703600000, 0x0000000800000000)
  region size 2048K, 15 young (30720K), 1 survivors (2048K)
 Metaspace       used 73651K, capacity 74384K, committed 74616K, reserved 1116160K
  class space    used 8522K, capacity 8804K, committed 8832K, reserved 1048576K
}
Event: 1568.431 GC heap after
{Heap after GC invocations=28 (full 2):
 garbage-first heap   total 81920K, used 33934K [0x0000000703600000, 0x0000000800000000)
  region size 2048K, 1 young (2048K), 1 survivors (2048K)
 Metaspace       used 73651K, capacity 74384K, committed 74616K, reserved 1116160K
  class space    used 8522K, capacity 8804K, committed 8832K, reserved 1048576K
}
Event: 1568.529 GC heap before
{Heap before GC invocations=28 (full 2):
 garbage-first heap   total 81920K, used 35982K [0x0000000703600000, 0x0000000800000000)
  region size 2048K, 2 young (4096K), 1 survivors (2048K)
 Metaspace       used 73651K, capacity 74384K, committed 74616K, reserved 1116160K
  class space    used 8522K, capacity 8804K, committed 8832K, reserved 1048576K
}
Event: 1568.533 GC heap after
{Heap after GC invocations=29 (full 2):
 garbage-first heap   total 81920K, used 31375K [0x0000000703600000, 0x0000000800000000)
  region size 2048K, 1 young (2048K), 1 survivors (2048K)
 Metaspace       used 73651K, capacity 74384K, committed 74616K, reserved 1116160K
  class space    used 8522K, capacity 8804K, committed 8832K, reserved 1048576K
}
Event: 1570.567 GC heap before
{Heap before GC invocations=29 (full 2):
 garbage-first heap   total 81920K, used 66191K [0x0000000703600000, 0x0000000800000000)
  region size 2048K, 18 young (36864K), 1 survivors (2048K)
 Metaspace       used 73743K, capacity 74512K, committed 74616K, reserved 1116160K
  class space    used 8522K, capacity 8804K, committed 8832K, reserved 1048576K
}
Event: 1570.569 GC heap after
{Heap after GC invocations=30 (full 2):
 garbage-first heap   total 81920K, used 31343K [0x0000000703600000, 0x0000000800000000)
  region size 2048K, 1 young (2048K), 1 survivors (2048K)
 Metaspace       used 73743K, capacity 74512K, committed 74616K, reserved 1116160K
  class space    used 8522K, capacity 8804K, committed 8832K, reserved 1048576K
}
Event: 1572.278 GC heap before
{Heap before GC invocations=30 (full 2):
 garbage-first heap   total 81920K, used 66159K [0x0000000703600000, 0x0000000800000000)
  region size 2048K, 18 young (36864K), 1 survivors (2048K)
 Metaspace       used 73772K, capacity 74512K, committed 74616K, reserved 1116160K
  class space    used 8523K, capacity 8804K, committed 8832K, reserved 1048576K
}
Event: 1572.280 GC heap after
{Heap after GC invocations=31 (full 2):
 garbage-first heap   total 81920K, used 31348K [0x0000000703600000, 0x0000000800000000)
  region size 2048K, 1 young (2048K), 1 survivors (2048K)
 Metaspace       used 73772K, capacity 74512K, committed 74616K, reserved 1116160K
  class space    used 8523K, capacity 8804K, committed 8832K, reserved 1048576K
}
Event: 1574.202 GC heap before
{Heap before GC invocations=31 (full 2):
 garbage-first heap   total 81920K, used 68212K [0x0000000703600000, 0x0000000800000000)
  region size 2048K, 19 young (38912K), 1 survivors (2048K)
 Metaspace       used 73777K, capacity 74512K, committed 74616K, reserved 1116160K
  class space    used 8523K, capacity 8804K, committed 8832K, reserved 1048576K
}
Event: 1574.204 GC heap after
{Heap after GC invocations=32 (full 2):
 garbage-first heap   total 81920K, used 31351K [0x0000000703600000, 0x0000000800000000)
  region size 2048K, 1 young (2048K), 1 survivors (2048K)
 Metaspace       used 73777K, capacity 74512K, committed 74616K, reserved 1116160K
  class space    used 8523K, capacity 8804K, committed 8832K, reserved 1048576K
}
Event: 1576.000 GC heap before
{Heap before GC invocations=32 (full 2):
 garbage-first heap   total 81920K, used 68215K [0x0000000703600000, 0x0000000800000000)
  region size 2048K, 19 young (38912K), 1 survivors (2048K)
 Metaspace       used 73785K, capacity 74512K, committed 74616K, reserved 1116160K
  class space    used 8523K, capacity 8804K, committed 8832K, reserved 1048576K
}
Event: 1576.003 GC heap after
{Heap after GC invocations=33 (full 2):
 garbage-first heap   total 81920K, used 31356K [0x0000000703600000, 0x0000000800000000)
  region size 2048K, 1 young (2048K), 1 survivors (2048K)
 Metaspace       used 73785K, capacity 74512K, committed 74616K, reserved 1116160K
  class space    used 8523K, capacity 8804K, committed 8832K, reserved 1048576K
}
Event: 1578.625 GC heap before
{Heap before GC invocations=33 (full 2):
 garbage-first heap   total 81920K, used 68220K [0x0000000703600000, 0x0000000800000000)
  region size 2048K, 19 young (38912K), 1 survivors (2048K)
 Metaspace       used 73786K, capacity 74512K, committed 74616K, reserved 1116160K
  class space    used 8523K, capacity 8804K, committed 8832K, reserved 1048576K
}
Event: 1578.627 GC heap after
{Heap after GC invocations=34 (full 2):
 garbage-first heap   total 81920K, used 31366K [0x0000000703600000, 0x0000000800000000)
  region size 2048K, 1 young (2048K), 1 survivors (2048K)
 Metaspace       used 73786K, capacity 74512K, committed 74616K, reserved 1116160K
  class space    used 8523K, capacity 8804K, committed 8832K, reserved 1048576K
}
Event: 1580.991 GC heap before
{Heap before GC invocations=34 (full 2):
 garbage-first heap   total 81920K, used 68230K [0x0000000703600000, 0x0000000800000000)
  region size 2048K, 19 young (38912K), 1 survivors (2048K)
 Metaspace       used 73788K, capacity 74512K, committed 74616K, reserved 1116160K
  class space    used 8524K, capacity 8804K, committed 8832K, reserved 1048576K
}
Event: 1580.994 GC heap after
{Heap after GC invocations=35 (full 2):
 garbage-first heap   total 81920K, used 31379K [0x0000000703600000, 0x0000000800000000)
  region size 2048K, 1 young (2048K), 1 survivors (2048K)
 Metaspace       used 73788K, capacity 74512K, committed 74616K, reserved 1116160K
  class space    used 8524K, capacity 8804K, committed 8832K, reserved 1048576K
}

